<?xml version="1.0" encoding="UTF-8"?>
<testsuite xmlns:xsi="http://www.w3.org/2001/XMLSchema-instance" xsi:noNamespaceSchemaLocation="https://maven.apache.org/surefire/maven-surefire-plugin/xsd/surefire-test-report.xsd" name="com.biblioteca.LibraryTest" time="0.008" tests="9" errors="0" skipped="0" failures="0">
  <properties>
[...]
</properties>
  <testcase name="editBookTest_ifNotExist" classname="com.biblioteca.LibraryTest" time="0"/>
  <testcase name="displayBooksTest_withBook" classname="com.biblioteca.LibraryTest" time="0.001"/>
  <testcase name="editBookTest_ifExist" classname="com.biblioteca.LibraryTest" time="0.001"/>
  <testcase name="removeBookTest_ifExist" classname="com.biblioteca.LibraryTest" time="0"/>
  <testcase name="removeBookTest_ifNotExist" classname="com.biblioteca.LibraryTest" time="0.001"/>
  <testcase name="addBookTest" classname="com.biblioteca.LibraryTest" time="0"/>
  <testcase name="searchBookTest_ifExist" classname="com.biblioteca.LibraryTest" time="0.001"/>
  <testcase name="displayBooksTest_empty" classname="com.biblioteca.LibraryTest" time="0.001"/>
  <testcase name="searchBookTest_ifNotExist" classname="com.biblioteca.LibraryTest" time="0.002"/>
</testsuite>